2023-05-05 13:52:52 [main] INFO  c.h.h.HotelServiceApplication - Starting HotelServiceApplication using Java 17.0.4 on IN-PG02NMKK with PID 11412 (D:\Booking System New\hotel-service\target\classes started by ashishtripathi02 in D:\Booking System New\api-gateway)
2023-05-05 13:52:52 [main] DEBUG c.h.h.HotelServiceApplication - Running with Spring Boot v2.7.10, Spring v5.3.26
2023-05-05 13:52:52 [main] INFO  c.h.h.HotelServiceApplication - No active profile set, falling back to 1 default profile: "default"
2023-05-05 13:52:52 [main] INFO  o.s.d.r.c.RepositoryConfigurationDelegate - Bootstrapping Spring Data JPA repositories in DEFAULT mode.
2023-05-05 13:52:52 [main] INFO  o.s.d.r.c.RepositoryConfigurationDelegate - Finished Spring Data repository scanning in 83 ms. Found 1 JPA repository interfaces.
2023-05-05 13:52:53 [main] INFO  o.s.cloud.context.scope.GenericScope - BeanFactory id=aa65a940-ef43-34c5-b9d2-8e4f4f4dcfcb
2023-05-05 13:52:53 [main] INFO  o.s.b.w.e.tomcat.TomcatWebServer - Tomcat initialized with port(s): 8083 (http)
2023-05-05 13:52:53 [main] INFO  o.a.catalina.core.StandardService - Starting service [Tomcat]
2023-05-05 13:52:53 [main] INFO  o.a.catalina.core.StandardEngine - Starting Servlet engine: [Apache Tomcat/9.0.73]
2023-05-05 13:52:53 [main] INFO  o.a.c.c.C.[Tomcat].[localhost].[/] - Initializing Spring embedded WebApplicationContext
2023-05-05 13:52:53 [main] INFO  o.s.b.w.s.c.ServletWebServerApplicationContext - Root WebApplicationContext: initialization completed in 1306 ms
2023-05-05 13:52:53 [main] INFO  com.zaxxer.hikari.HikariDataSource - HikariPool-1 - Starting...
2023-05-05 13:52:53 [main] INFO  com.zaxxer.hikari.HikariDataSource - HikariPool-1 - Start completed.
2023-05-05 13:52:53 [main] INFO  o.s.b.a.h.H2ConsoleAutoConfiguration - H2 console available at '/h2'. Database available at 'jdbc:h2:mem:testdb'
2023-05-05 13:52:53 [main] INFO  o.h.jpa.internal.util.LogHelper - HHH000204: Processing PersistenceUnitInfo [name: default]
2023-05-05 13:52:53 [main] INFO  org.hibernate.Version - HHH000412: Hibernate ORM core version 5.6.15.Final
2023-05-05 13:52:53 [main] INFO  o.h.annotations.common.Version - HCANN000001: Hibernate Commons Annotations {5.1.2.Final}
2023-05-05 13:52:54 [main] INFO  org.hibernate.dialect.Dialect - HHH000400: Using dialect: org.hibernate.dialect.H2Dialect
2023-05-05 13:52:54 [main] INFO  o.h.e.t.j.p.i.JtaPlatformInitiator - HHH000490: Using JtaPlatform implementation: [org.hibernate.engine.transaction.jta.platform.internal.NoJtaPlatform]
2023-05-05 13:52:54 [main] INFO  o.s.o.j.LocalContainerEntityManagerFactoryBean - Initialized JPA EntityManagerFactory for persistence unit 'default'
2023-05-05 13:52:54 [main] INFO  c.h.h.controller.HotelController - Generating 10 hotels.
2023-05-05 13:52:54 [main] INFO  c.h.h.controller.HotelController - Generated and saved 10 hotels.
2023-05-05 13:52:54 [main] WARN  o.s.b.a.o.j.JpaBaseConfiguration$JpaWebConfiguration - spring.jpa.open-in-view is enabled by default. Therefore, database queries may be performed during view rendering. Explicitly configure spring.jpa.open-in-view to disable this warning
2023-05-05 13:52:55 [main] INFO  o.s.c.n.e.c.DiscoveryClientOptionalArgsConfiguration - Eureka HTTP Client uses Jersey
2023-05-05 13:52:55 [main] WARN  o.s.c.l.c.LoadBalancerCacheAutoConfiguration$LoadBalancerCaffeineWarnLogger - Spring Cloud LoadBalancer is currently working with the default cache. While this cache implementation is useful for development and tests, it's recommended to use Caffeine cache in production.You can switch to using Caffeine cache, by adding it and org.springframework.cache.caffeine.CaffeineCacheManager to the classpath.
2023-05-05 13:52:55 [main] INFO  o.s.b.a.e.web.EndpointLinksResolver - Exposing 1 endpoint(s) beneath base path '/actuator'
2023-05-05 13:52:55 [main] INFO  o.s.c.n.eureka.InstanceInfoFactory - Setting initial instance status as: STARTING
2023-05-05 13:52:55 [main] INFO  c.netflix.discovery.DiscoveryClient - Initializing Eureka in region us-east-1
2023-05-05 13:52:55 [main] INFO  c.n.d.p.DiscoveryJerseyProvider - Using JSON encoding codec LegacyJacksonJson
2023-05-05 13:52:55 [main] INFO  c.n.d.p.DiscoveryJerseyProvider - Using JSON decoding codec LegacyJacksonJson
2023-05-05 13:52:55 [main] INFO  c.n.d.p.DiscoveryJerseyProvider - Using XML encoding codec XStreamXml
2023-05-05 13:52:55 [main] INFO  c.n.d.p.DiscoveryJerseyProvider - Using XML decoding codec XStreamXml
2023-05-05 13:52:55 [main] INFO  c.n.d.s.r.aws.ConfigClusterResolver - Resolving eureka endpoints via configuration
2023-05-05 13:52:55 [main] INFO  c.netflix.discovery.DiscoveryClient - Disable delta property : false
2023-05-05 13:52:55 [main] INFO  c.netflix.discovery.DiscoveryClient - Single vip registry refresh property : null
2023-05-05 13:52:55 [main] INFO  c.netflix.discovery.DiscoveryClient - Force full registry fetch : false
2023-05-05 13:52:55 [main] INFO  c.netflix.discovery.DiscoveryClient - Application is null : false
2023-05-05 13:52:55 [main] INFO  c.netflix.discovery.DiscoveryClient - Registered Applications size is zero : true
2023-05-05 13:52:55 [main] INFO  c.netflix.discovery.DiscoveryClient - Application version is -1: true
2023-05-05 13:52:55 [main] INFO  c.netflix.discovery.DiscoveryClient - Getting all instance registry info from the eureka server
2023-05-05 13:52:55 [main] INFO  c.netflix.discovery.DiscoveryClient - The response status is 200
2023-05-05 13:52:55 [main] INFO  c.netflix.discovery.DiscoveryClient - Starting heartbeat executor: renew interval is: 30
2023-05-05 13:52:55 [main] INFO  c.n.discovery.InstanceInfoReplicator - InstanceInfoReplicator onDemand update allowed rate per min is 4
2023-05-05 13:52:55 [main] INFO  c.netflix.discovery.DiscoveryClient - Discovery Client initialized at timestamp 1683274975800 with initial instances count: 2
2023-05-05 13:52:55 [main] INFO  o.s.c.n.e.s.EurekaServiceRegistry - Registering application HOTEL-SERVICE with eureka with status UP
2023-05-05 13:52:55 [main] INFO  c.netflix.discovery.DiscoveryClient - Saw local status change event StatusChangeEvent [timestamp=1683274975805, current=UP, previous=STARTING]
2023-05-05 13:52:55 [DiscoveryClient-InstanceInfoReplicator-0] INFO  c.netflix.discovery.DiscoveryClient - DiscoveryClient_HOTEL-SERVICE/host.docker.internal:Hotel-SERVICE:8083: registering service...
2023-05-05 13:52:55 [main] INFO  o.s.b.w.e.tomcat.TomcatWebServer - Tomcat started on port(s): 8083 (http) with context path ''
2023-05-05 13:52:55 [main] INFO  o.s.c.n.e.s.EurekaAutoServiceRegistration - Updating port to 8083
2023-05-05 13:52:55 [DiscoveryClient-InstanceInfoReplicator-0] INFO  c.netflix.discovery.DiscoveryClient - DiscoveryClient_HOTEL-SERVICE/host.docker.internal:Hotel-SERVICE:8083 - registration status: 204
2023-05-05 13:52:55 [main] INFO  c.h.h.HotelServiceApplication - Started HotelServiceApplication in 4.211 seconds (JVM running for 4.815)
2023-05-05 13:52:56 [RMI TCP Connection(1)-192.168.1.102] INFO  o.a.c.c.C.[Tomcat].[localhost].[/] - Initializing Spring DispatcherServlet 'dispatcherServlet'
2023-05-05 13:52:56 [RMI TCP Connection(1)-192.168.1.102] INFO  o.s.web.servlet.DispatcherServlet - Initializing Servlet 'dispatcherServlet'
2023-05-05 13:52:56 [RMI TCP Connection(1)-192.168.1.102] INFO  o.s.web.servlet.DispatcherServlet - Completed initialization in 1 ms
2023-05-05 13:53:06 [http-nio-8083-exec-4] INFO  c.h.h.controller.HotelController - getHotelsByCityCalled
2023-05-05 13:53:06 [http-nio-8083-exec-4] INFO  c.h.h.controller.HotelController - Fetching hotels for city: delhi
2023-05-05 13:53:06 [http-nio-8083-exec-4] INFO  c.h.h.controller.HotelController - Found 7 hotels for city: delhi
2023-05-05 13:57:55 [AsyncResolver-bootstrap-executor-0] INFO  c.n.d.s.r.aws.ConfigClusterResolver - Resolving eureka endpoints via configuration
2023-05-05 13:59:39 [SpringApplicationShutdownHook] INFO  o.s.c.n.e.s.EurekaServiceRegistry - Unregistering application HOTEL-SERVICE with eureka with status DOWN
2023-05-05 13:59:39 [SpringApplicationShutdownHook] INFO  c.netflix.discovery.DiscoveryClient - Saw local status change event StatusChangeEvent [timestamp=1683275379645, current=DOWN, previous=UP]
2023-05-05 13:59:39 [DiscoveryClient-InstanceInfoReplicator-0] INFO  c.netflix.discovery.DiscoveryClient - DiscoveryClient_HOTEL-SERVICE/host.docker.internal:Hotel-SERVICE:8083: registering service...
2023-05-05 13:59:39 [DiscoveryClient-InstanceInfoReplicator-0] INFO  c.netflix.discovery.DiscoveryClient - DiscoveryClient_HOTEL-SERVICE/host.docker.internal:Hotel-SERVICE:8083 - registration status: 204
2023-05-05 13:59:39 [SpringApplicationShutdownHook] INFO  o.s.o.j.LocalContainerEntityManagerFactoryBean - Closing JPA EntityManagerFactory for persistence unit 'default'
2023-05-05 13:59:39 [SpringApplicationShutdownHook] INFO  com.zaxxer.hikari.HikariDataSource - HikariPool-1 - Shutdown initiated...
2023-05-05 13:59:39 [SpringApplicationShutdownHook] INFO  com.zaxxer.hikari.HikariDataSource - HikariPool-1 - Shutdown completed.
2023-05-05 13:59:39 [SpringApplicationShutdownHook] INFO  c.netflix.discovery.DiscoveryClient - Shutting down DiscoveryClient ...
2023-05-05 13:59:42 [SpringApplicationShutdownHook] INFO  c.netflix.discovery.DiscoveryClient - Unregistering ...
2023-05-05 13:59:42 [SpringApplicationShutdownHook] INFO  c.netflix.discovery.DiscoveryClient - DiscoveryClient_HOTEL-SERVICE/host.docker.internal:Hotel-SERVICE:8083 - deregister  status: 200
2023-05-05 13:59:42 [SpringApplicationShutdownHook] INFO  c.netflix.discovery.DiscoveryClient - Completed shut down of DiscoveryClient
